################################################################################
### 御剑江湖账号服务器(x)
### Start server time is 2012-08-10 14:15:09
################################################################################
### Current time is 2012-08-10 14:15:09
### Server takes 0 days  00:00:00
################################################################################


14:15:09 Message: 


================================================================================
=== 御剑江湖账号服务器(x)
=== Start server time is 2012-08-10 14:15:09
================================================================================


14:15:09 Message: ***************************************************************
14:15:09 Message: ** 帐号服务器开始启动
14:15:09 Message: ***************************************************************
14:15:09 ERROR: illegal SERVERKEY in config.ini
14:15:09 ERROR: 无法读取INI文件，程序退出
14:15:12 Message: “X”键被按下
14:15:12 Message: 关闭消息已经发出
14:15:12 Message: 服务器开始退出------------------------------------------------
15:04:24 Message: 


================================================================================
=== 御剑江湖账号服务器(x)
=== Start server time is 2012-08-10 15:04:24
================================================================================


15:04:24 Message: ***************************************************************
15:04:24 Message: ** 帐号服务器开始启动
15:04:24 Message: ***************************************************************
15:04:24 ERROR: illegal SERVERKEY in config.ini
15:04:24 ERROR: 无法读取INI文件，程序退出
